<?xml version="1.0" encoding="UTF-8"?>
<!-- Generated by org.testng.reporters.JUnitReportReporter -->
<testsuite skipped="0" hostname="Reshmika" name="OperationaAndWebElements.Link" tests="1" failures="0" timestamp="15 May 2019 09:41:51 GMT" time="27.862" errors="0">
  <testcase name="links" time="27.862" classname="OperationaAndWebElements.Link"/>
</testsuite> <!-- OperationaAndWebElements.Link -->
