<?xml version="1.0" encoding="UTF-8"?>
<!-- Generated by org.testng.reporters.JUnitReportReporter -->
<testsuite skipped="0" hostname="Reshmika" name="OperationaAndWebElements.TextBox" tests="1" failures="0" timestamp="15 May 2019 09:41:51 GMT" time="32.454" errors="0">
  <testcase name="Text" time="32.454" classname="OperationaAndWebElements.TextBox"/>
</testsuite> <!-- OperationaAndWebElements.TextBox -->
